0 info it worked if it ends with ok
1 verbose cli [ '/usr/local/bin/node',
1 verbose cli   '/usr/local/bin/npm',
1 verbose cli   'install',
1 verbose cli   'jitsu',
1 verbose cli   '-g' ]
2 info using npm@2.15.1
3 info using node@v4.4.4
4 verbose install initial load of /usr/local/lib/package.json
5 verbose readDependencies loading dependencies from /usr/local/lib/package.json
6 silly cache add args [ 'jitsu', null ]
7 verbose cache add spec jitsu
8 silly cache add parsed spec Result {
8 silly cache add   raw: 'jitsu',
8 silly cache add   scope: null,
8 silly cache add   name: 'jitsu',
8 silly cache add   rawSpec: '',
8 silly cache add   spec: 'latest',
8 silly cache add   type: 'tag' }
9 silly addNamed jitsu@latest
10 verbose addNamed "latest" is being treated as a dist-tag for jitsu
11 info addNameTag [ 'jitsu', 'latest' ]
12 silly mapToRegistry name jitsu
13 silly mapToRegistry using default registry
14 silly mapToRegistry registry https://registry.npmjs.org/
15 silly mapToRegistry data Result {
15 silly mapToRegistry   raw: 'jitsu',
15 silly mapToRegistry   scope: null,
15 silly mapToRegistry   name: 'jitsu',
15 silly mapToRegistry   rawSpec: '',
15 silly mapToRegistry   spec: 'latest',
15 silly mapToRegistry   type: 'tag' }
16 silly mapToRegistry uri https://registry.npmjs.org/jitsu
17 verbose addNameTag registry:https://registry.npmjs.org/jitsu not in flight; fetching
18 verbose request uri https://registry.npmjs.org/jitsu
19 verbose request no auth needed
20 info attempt registry request try #1 at 9:47:01 PM
21 verbose request id 106ad0635f1fd5ff
22 http request GET https://registry.npmjs.org/jitsu
23 http 200 https://registry.npmjs.org/jitsu
24 verbose headers { server: 'CouchDB/1.5.0 (Erlang OTP/R16B03)',
24 verbose headers   etag: '"6L5CONUGV6DDGMRT0Q60OT0BG"',
24 verbose headers   'content-type': 'application/json',
24 verbose headers   'content-encoding': 'gzip',
24 verbose headers   'cache-control': 'max-age=300',
24 verbose headers   'content-length': '17328',
24 verbose headers   'accept-ranges': 'bytes',
24 verbose headers   date: 'Thu, 19 May 2016 04:47:02 GMT',
24 verbose headers   via: '1.1 varnish',
24 verbose headers   age: '0',
24 verbose headers   connection: 'keep-alive',
24 verbose headers   'x-served-by': 'cache-sjc3132-SJC',
24 verbose headers   'x-cache': 'MISS',
24 verbose headers   'x-cache-hits': '0',
24 verbose headers   'x-timer': 'S1463633222.023614,VS0,VE217',
24 verbose headers   vary: 'Accept-Encoding' }
25 silly get cb [ 200,
25 silly get   { server: 'CouchDB/1.5.0 (Erlang OTP/R16B03)',
25 silly get     etag: '"6L5CONUGV6DDGMRT0Q60OT0BG"',
25 silly get     'content-type': 'application/json',
25 silly get     'content-encoding': 'gzip',
25 silly get     'cache-control': 'max-age=300',
25 silly get     'content-length': '17328',
25 silly get     'accept-ranges': 'bytes',
25 silly get     date: 'Thu, 19 May 2016 04:47:02 GMT',
25 silly get     via: '1.1 varnish',
25 silly get     age: '0',
25 silly get     connection: 'keep-alive',
25 silly get     'x-served-by': 'cache-sjc3132-SJC',
25 silly get     'x-cache': 'MISS',
25 silly get     'x-cache-hits': '0',
25 silly get     'x-timer': 'S1463633222.023614,VS0,VE217',
25 silly get     vary: 'Accept-Encoding' } ]
26 verbose get saving jitsu to /Users/i853536/.npm/registry.npmjs.org/jitsu/.cache.json
27 verbose correctMkdir /Users/i853536/.npm correctMkdir not in flight; initializing
28 silly addNameTag next cb for jitsu with tag latest
29 silly addNamed jitsu@0.15.0
30 verbose addNamed "0.15.0" is a plain semver version for jitsu
31 silly mapToRegistry name jitsu
32 silly mapToRegistry using default registry
33 silly mapToRegistry registry https://registry.npmjs.org/
34 silly mapToRegistry data Result {
34 silly mapToRegistry   raw: 'jitsu',
34 silly mapToRegistry   scope: null,
34 silly mapToRegistry   name: 'jitsu',
34 silly mapToRegistry   rawSpec: '',
34 silly mapToRegistry   spec: 'latest',
34 silly mapToRegistry   type: 'tag' }
35 silly mapToRegistry uri https://registry.npmjs.org/jitsu
36 verbose addRemoteTarball https://registry.npmjs.org/jitsu/-/jitsu-0.15.0.tgz not in flight; adding
37 verbose addRemoteTarball [ 'https://registry.npmjs.org/jitsu/-/jitsu-0.15.0.tgz',
37 verbose addRemoteTarball   '3af6b1f7a0a91680c059ca402feea6bbb0c4b0fb' ]
38 info retry fetch attempt 1 at 9:47:02 PM
39 info attempt registry request try #1 at 9:47:02 PM
40 http fetch GET https://registry.npmjs.org/jitsu/-/jitsu-0.15.0.tgz
41 http fetch 200 https://registry.npmjs.org/jitsu/-/jitsu-0.15.0.tgz
42 silly fetchAndShaCheck shasum 3af6b1f7a0a91680c059ca402feea6bbb0c4b0fb
43 verbose addTmpTarball /var/folders/21/y5hkyhbj5fjgfzsw1k_zybvw87rp2b/T/npm-43576-4c2e344d/registry.npmjs.org/jitsu/-/jitsu-0.15.0.tgz not in flight; adding
44 verbose addTmpTarball already have metadata; skipping unpack for jitsu@0.15.0
45 verbose correctMkdir /Users/i853536/.npm correctMkdir not in flight; initializing
46 silly cache afterAdd jitsu@0.15.0
47 verbose afterAdd /Users/i853536/.npm/jitsu/0.15.0/package/package.json not in flight; writing
48 verbose correctMkdir /Users/i853536/.npm correctMkdir not in flight; initializing
49 verbose afterAdd /Users/i853536/.npm/jitsu/0.15.0/package/package.json written
50 silly install resolved [ { name: 'jitsu',
50 silly install resolved     description: 'Flawless command line deployment of Node.js apps to the cloud',
50 silly install resolved     keywords:
50 silly install resolved      [ 'cli',
50 silly install resolved        'nodejitsu',
50 silly install resolved        'cloud hosting',
50 silly install resolved        'platform-as-a-service',
50 silly install resolved        'deployment' ],
50 silly install resolved     version: '0.15.0',
50 silly install resolved     author: { name: 'Nodejitsu Inc.', email: 'info@nodejitsu.com' },
50 silly install resolved     maintainers: [ [Object], [Object], [Object], [Object] ],
50 silly install resolved     repository: { type: 'git', url: 'http://github.com/nodejitsu/jitsu.git' },
50 silly install resolved     preferGlobal: true,
50 silly install resolved     dependencies:
50 silly install resolved      { canihaz: '1.0.1',
50 silly install resolved        colors: '0.6.2',
50 silly install resolved        complete: '0.3.1',
50 silly install resolved        dateformat: '1.0.8-1.2.3',
50 silly install resolved        flatiron: '0.3.11',
50 silly install resolved        'flatiron-cli-config': '0.1.4',
50 silly install resolved        'flatiron-cli-users': '0.1.10',
50 silly install resolved        fstream: '0.1.25',
50 silly install resolved        'fstream-npm': '0.1.6',
50 silly install resolved        ladder: '0.0.1',
50 silly install resolved        'nodejitsu-api': '0.6.4',
50 silly install resolved        opener: '1.4.x',
50 silly install resolved        pkginfo: '0.3.0',
50 silly install resolved        progress: '0.1.0',
50 silly install resolved        request: '2.42.0',
50 silly install resolved        'require-analyzer': '0.5.0',
50 silly install resolved        'spawn-command': '0.0.2',
50 silly install resolved        semver: '1.0.14',
50 silly install resolved        tar: '0.1.18',
50 silly install resolved        wizard: '0.0.1' },
50 silly install resolved     canihaz: { npm: '1.3.15' },
50 silly install resolved     devDependencies: { nock: '0.46.x', vows: '0.7.x' },
50 silly install resolved     bin: { jitsu: './bin/jitsu' },
50 silly install resolved     main: './lib/jitsu',
50 silly install resolved     scripts: { test: 'vows test/commands/*-test.js test/lib/*-test.js --spec -i' },
50 silly install resolved     engines: { node: '>= 0.6.0' },
50 silly install resolved     license: 'MIT',
50 silly install resolved     gitHead: 'b4a40605cb5b888ff13fc0b0f1cfa252ad0dd917',
50 silly install resolved     bugs: { url: 'https://github.com/nodejitsu/jitsu/issues' },
50 silly install resolved     homepage: 'https://github.com/nodejitsu/jitsu',
50 silly install resolved     _id: 'jitsu@0.15.0',
50 silly install resolved     _shasum: '3af6b1f7a0a91680c059ca402feea6bbb0c4b0fb',
50 silly install resolved     _from: 'jitsu@latest',
50 silly install resolved     _npmVersion: '1.4.23',
50 silly install resolved     _npmUser: { name: 'swaagie', email: 'info@martijnswaagman.nl' },
50 silly install resolved     dist:
50 silly install resolved      { shasum: '3af6b1f7a0a91680c059ca402feea6bbb0c4b0fb',
50 silly install resolved        tarball: 'https://registry.npmjs.org/jitsu/-/jitsu-0.15.0.tgz' },
50 silly install resolved     directories: {},
50 silly install resolved     _resolved: 'https://registry.npmjs.org/jitsu/-/jitsu-0.15.0.tgz' } ]
51 info install jitsu@0.15.0 into /usr/local/lib
52 info installOne jitsu@0.15.0
53 verbose installOne of jitsu to /usr/local/lib not in flight; installing
54 verbose correctMkdir /Users/i853536/.npm/_locks correctMkdir not in flight; initializing
55 verbose lock using /Users/i853536/.npm/_locks/jitsu-e08531dc65d8ee84.lock for /usr/local/lib/node_modules/jitsu
56 silly install write writing jitsu 0.15.0 to /usr/local/lib/node_modules/jitsu
57 verbose unbuild lib/node_modules/jitsu
58 silly gentlyRm /usr/local/lib/node_modules/jitsu is being purged from base /usr/local
59 verbose gentlyRm don't care about contents; nuking /usr/local/lib/node_modules/jitsu
60 verbose tar unpack /Users/i853536/.npm/jitsu/0.15.0/package.tgz
61 verbose tar unpacking to /usr/local/lib/node_modules/jitsu
62 silly gentlyRm /usr/local/lib/node_modules/jitsu is being purged
63 verbose gentlyRm don't care about contents; nuking /usr/local/lib/node_modules/jitsu
64 silly gunzTarPerm modes [ '755', '644' ]
65 error tar.unpack untar error /Users/i853536/.npm/jitsu/0.15.0/package.tgz
66 verbose unlock done using /Users/i853536/.npm/_locks/jitsu-e08531dc65d8ee84.lock for /usr/local/lib/node_modules/jitsu
67 verbose fstream_path /usr/local/lib/node_modules/jitsu
68 verbose fstream_type Directory
69 verbose fstream_class DirWriter
70 verbose stack Error: EACCES: permission denied, mkdir '/usr/local/lib/node_modules/jitsu'
70 verbose stack     at Error (native)
71 verbose fstream_stack /usr/local/lib/node_modules/npm/node_modules/fstream/lib/dir-writer.js:35:25
71 verbose fstream_stack /usr/local/lib/node_modules/npm/node_modules/mkdirp/index.js:47:53
71 verbose fstream_stack FSReqWrap.oncomplete (fs.js:82:15)
72 verbose cwd /Users/i853536/GitHub/Vessel-Search-Engine
73 error Darwin 15.3.0
74 error argv "/usr/local/bin/node" "/usr/local/bin/npm" "install" "jitsu" "-g"
75 error node v4.4.4
76 error npm  v2.15.1
77 error path /usr/local/lib/node_modules/jitsu
78 error code EACCES
79 error errno -13
80 error syscall mkdir
81 error Error: EACCES: permission denied, mkdir '/usr/local/lib/node_modules/jitsu'
81 error     at Error (native)
81 error  { [Error: EACCES: permission denied, mkdir '/usr/local/lib/node_modules/jitsu']
81 error   errno: -13,
81 error   code: 'EACCES',
81 error   syscall: 'mkdir',
81 error   path: '/usr/local/lib/node_modules/jitsu',
81 error   fstream_type: 'Directory',
81 error   fstream_path: '/usr/local/lib/node_modules/jitsu',
81 error   fstream_class: 'DirWriter',
81 error   fstream_stack:
81 error    [ '/usr/local/lib/node_modules/npm/node_modules/fstream/lib/dir-writer.js:35:25',
81 error      '/usr/local/lib/node_modules/npm/node_modules/mkdirp/index.js:47:53',
81 error      'FSReqWrap.oncomplete (fs.js:82:15)' ] }
82 error Please try running this command again as root/Administrator.
83 verbose exit [ -13, true ]
84 verbose unbuild lib/node_modules/jitsu
85 silly gentlyRm /usr/local/lib/node_modules/jitsu is being purged from base /usr/local
86 verbose gentlyRm don't care about contents; nuking /usr/local/lib/node_modules/jitsu
